> Task :app:checkKotlinGradlePluginConfigurationErrors
> Task :app:preBuild UP-TO-DATE
> Task :app:preDebugBuild UP-TO-DATE
> Task :app:generateDebugResValues
> Task :app:mapDebugSourceSetPaths
> Task :app:generateDebugResources
> Task :app:checkDebugAarMetadata
> Task :app:packageDebugResources
> Task :app:createDebugCompatibleScreenManifests
> Task :app:extractDeepLinksDebug
> Task :app:parseDebugLocalResources
> Task :app:processDebugMainManifest
> Task :app:processDebugManifest
> Task :app:preDebugUnitTestBuild UP-TO-DATE
> Task :app:javaPreCompileDebugUnitTest
> Task :app:processDebugManifestForPackage
> Task :app:javaPreCompileDebug
> Task :app:mergeDebugResources
> Task :app:processDebugResources

> Task :app:kspDebugKotlin
w: [ksp] C:/Users/james.DESKTOP-Q8VOBFS/Documents/Development/signal-synthesis/app/src/main/java/com/polaralias/signalsynthesis/data/db/AppDatabase.kt:11: Schema export directory was not provided to the annotation processor so Room cannot export the schema. You can either provide `room.schemaLocation` annotation processor argument by applying the Room Gradle plugin (id 'androidx.room') OR set exportSchema to false.

> Task :app:compileDebugKotlin FAILED
e: file:///C:/Users/james.DESKTOP-Q8VOBFS/Documents/Development/signal-synthesis/app/src/main/java/com/polaralias/signalsynthesis/ui/AnalysisScreen.kt:43:21 Unresolved reference: IconButton
e: file:///C:/Users/james.DESKTOP-Q8VOBFS/Documents/Development/signal-synthesis/app/src/main/java/com/polaralias/signalsynthesis/ui/AnalysisScreen.kt:44:25 @Composable invocations can only happen from the context of a @Composable function
e: file:///C:/Users/james.DESKTOP-Q8VOBFS/Documents/Development/signal-synthesis/app/src/main/java/com/polaralias/signalsynthesis/ui/AnalysisScreen.kt:46:21 Unresolved reference: IconButton
e: file:///C:/Users/james.DESKTOP-Q8VOBFS/Documents/Development/signal-synthesis/app/src/main/java/com/polaralias/signalsynthesis/ui/AnalysisScreen.kt:47:25 @Composable invocations can only happen from the context of a @Composable function
e: file:///C:/Users/james.DESKTOP-Q8VOBFS/Documents/Development/signal-synthesis/app/src/main/java/com/polaralias/signalsynthesis/ui/AnalysisViewModel.kt:111:38 Unresolved reference: AnalysisResult
e: file:///C:/Users/james.DESKTOP-Q8VOBFS/Documents/Development/signal-synthesis/app/src/main/java/com/polaralias/signalsynthesis/ui/SignalSynthesisApp.kt:80:17 No value passed for parameter 'onToggleWatchlist'

FAILURE: Build failed with an exception.

* What went wrong:
Execution failed for task ':app:compileDebugKotlin'.
> A failure occurred while executing org.jetbrains.kotlin.compilerRunner.GradleCompilerRunnerWithWorkers$GradleKotlinCompilerWorkAction
   > Compilation error. See log for more details

* Try:
> Run with --stacktrace option to get the stack trace.
> Run with --info or --debug option to get more log output.
> Run with --scan to get full insights.
> Get more help at https://help.gradle.org.

BUILD FAILED in 58s
18 actionable tasks: 18 executed
