> Task :app:checkKotlinGradlePluginConfigurationErrors
> Task :app:preBuild UP-TO-DATE
> Task :app:preDebugBuild UP-TO-DATE
> Task :app:generateDebugResValues
> Task :app:mapDebugSourceSetPaths
> Task :app:generateDebugResources
> Task :app:checkDebugAarMetadata
> Task :app:packageDebugResources
> Task :app:createDebugCompatibleScreenManifests
> Task :app:extractDeepLinksDebug
> Task :app:parseDebugLocalResources
> Task :app:processDebugMainManifest
> Task :app:processDebugManifest
> Task :app:preDebugUnitTestBuild UP-TO-DATE
> Task :app:processDebugManifestForPackage
> Task :app:javaPreCompileDebugUnitTest
> Task :app:javaPreCompileDebug
> Task :app:mergeDebugResources
> Task :app:processDebugResources

> Task :app:kspDebugKotlin
w: [ksp] C:/Users/james.DESKTOP-Q8VOBFS/Documents/Development/signal-synthesis/app/src/main/java/com/polaralias/signalsynthesis/data/db/AppDatabase.kt:11: Schema export directory was not provided to the annotation processor so Room cannot export the schema. You can either provide `room.schemaLocation` annotation processor argument by applying the Room Gradle plugin (id 'androidx.room') OR set exportSchema to false.

> Task :app:compileDebugKotlin
> Task :app:compileDebugJavaWithJavac
> Task :app:processDebugJavaRes
> Task :app:bundleDebugClassesToCompileJar
> Task :app:bundleDebugClassesToRuntimeJar
> Task :app:kspDebugUnitTestKotlin

> Task :app:compileDebugUnitTestKotlin FAILED
e: file:///C:/Users/james.DESKTOP-Q8VOBFS/Documents/Development/signal-synthesis/app/src/test/java/com/polaralias/signalsynthesis/data/db/RoomDatabaseTest.kt:45:36 No value passed for parameter 'addedAt'
e: file:///C:/Users/james.DESKTOP-Q8VOBFS/Documents/Development/signal-synthesis/app/src/test/java/com/polaralias/signalsynthesis/data/db/RoomDatabaseTest.kt:54:36 No value passed for parameter 'addedAt'
e: file:///C:/Users/james.DESKTOP-Q8VOBFS/Documents/Development/signal-synthesis/app/src/test/java/com/polaralias/signalsynthesis/data/db/RoomDatabaseTest.kt:56:29 Type mismatch: inferred type is WatchlistEntity but String was expected
e: file:///C:/Users/james.DESKTOP-Q8VOBFS/Documents/Development/signal-synthesis/app/src/test/java/com/polaralias/signalsynthesis/data/db/RoomDatabaseTest.kt:64:13 Cannot find a parameter with this name: symbol
e: file:///C:/Users/james.DESKTOP-Q8VOBFS/Documents/Development/signal-synthesis/app/src/test/java/com/polaralias/signalsynthesis/data/db/RoomDatabaseTest.kt:65:13 Cannot find a parameter with this name: timestamp
e: file:///C:/Users/james.DESKTOP-Q8VOBFS/Documents/Development/signal-synthesis/app/src/test/java/com/polaralias/signalsynthesis/data/db/RoomDatabaseTest.kt:66:36 Unresolved reference: LONG
e: file:///C:/Users/james.DESKTOP-Q8VOBFS/Documents/Development/signal-synthesis/app/src/test/java/com/polaralias/signalsynthesis/data/db/RoomDatabaseTest.kt:67:13 No value passed for parameter 'generatedAt'
e: file:///C:/Users/james.DESKTOP-Q8VOBFS/Documents/Development/signal-synthesis/app/src/test/java/com/polaralias/signalsynthesis/data/db/RoomDatabaseTest.kt:72:44 Unresolved reference: symbol
e: file:///C:/Users/james.DESKTOP-Q8VOBFS/Documents/Development/signal-synthesis/app/src/test/java/com/polaralias/signalsynthesis/data/db/RoomDatabaseTest.kt:78:13 Cannot find a parameter with this name: symbol
e: file:///C:/Users/james.DESKTOP-Q8VOBFS/Documents/Development/signal-synthesis/app/src/test/java/com/polaralias/signalsynthesis/data/db/RoomDatabaseTest.kt:79:13 Cannot find a parameter with this name: timestamp
e: file:///C:/Users/james.DESKTOP-Q8VOBFS/Documents/Development/signal-synthesis/app/src/test/java/com/polaralias/signalsynthesis/data/db/RoomDatabaseTest.kt:80:36 Unresolved reference: SHORT
e: file:///C:/Users/james.DESKTOP-Q8VOBFS/Documents/Development/signal-synthesis/app/src/test/java/com/polaralias/signalsynthesis/data/db/RoomDatabaseTest.kt:81:13 No value passed for parameter 'generatedAt'
e: file:///C:/Users/james.DESKTOP-Q8VOBFS/Documents/Development/signal-synthesis/app/src/test/java/com/polaralias/signalsynthesis/data/db/RoomDatabaseTest.kt:84:20 Unresolved reference: clearAll
e: file:///C:/Users/james.DESKTOP-Q8VOBFS/Documents/Development/signal-synthesis/app/src/test/java/com/polaralias/signalsynthesis/data/repository/RoomDatabaseRepositoryTest.kt:53:13 Cannot find a parameter with this name: symbol
e: file:///C:/Users/james.DESKTOP-Q8VOBFS/Documents/Development/signal-synthesis/app/src/test/java/com/polaralias/signalsynthesis/data/repository/RoomDatabaseRepositoryTest.kt:54:13 Cannot find a parameter with this name: timestamp
e: file:///C:/Users/james.DESKTOP-Q8VOBFS/Documents/Development/signal-synthesis/app/src/test/java/com/polaralias/signalsynthesis/data/repository/RoomDatabaseRepositoryTest.kt:55:36 Unresolved reference: LONG
e: file:///C:/Users/james.DESKTOP-Q8VOBFS/Documents/Development/signal-synthesis/app/src/test/java/com/polaralias/signalsynthesis/data/repository/RoomDatabaseRepositoryTest.kt:56:13 No value passed for parameter 'totalCandidates'
e: file:///C:/Users/james.DESKTOP-Q8VOBFS/Documents/Development/signal-synthesis/app/src/test/java/com/polaralias/signalsynthesis/data/repository/RoomDatabaseRepositoryTest.kt:56:13 No value passed for parameter 'tradeableCount'
e: file:///C:/Users/james.DESKTOP-Q8VOBFS/Documents/Development/signal-synthesis/app/src/test/java/com/polaralias/signalsynthesis/data/repository/RoomDatabaseRepositoryTest.kt:56:13 No value passed for parameter 'setupCount'
e: file:///C:/Users/james.DESKTOP-Q8VOBFS/Documents/Development/signal-synthesis/app/src/test/java/com/polaralias/signalsynthesis/data/repository/RoomDatabaseRepositoryTest.kt:56:13 No value passed for parameter 'generatedAt'
e: file:///C:/Users/james.DESKTOP-Q8VOBFS/Documents/Development/signal-synthesis/app/src/test/java/com/polaralias/signalsynthesis/data/repository/RoomDatabaseRepositoryTest.kt:61:41 Unresolved reference: symbol
e: file:///C:/Users/james.DESKTOP-Q8VOBFS/Documents/Development/signal-synthesis/app/src/test/java/com/polaralias/signalsynthesis/data/repository/RoomDatabaseRepositoryTest.kt:62:36 Unresolved reference: LONG
e: file:///C:/Users/james.DESKTOP-Q8VOBFS/Documents/Development/signal-synthesis/app/src/test/java/com/polaralias/signalsynthesis/data/repository/RoomDatabaseRepositoryTest.kt:68:13 Cannot find a parameter with this name: symbol
e: file:///C:/Users/james.DESKTOP-Q8VOBFS/Documents/Development/signal-synthesis/app/src/test/java/com/polaralias/signalsynthesis/data/repository/RoomDatabaseRepositoryTest.kt:69:13 Cannot find a parameter with this name: timestamp
e: file:///C:/Users/james.DESKTOP-Q8VOBFS/Documents/Development/signal-synthesis/app/src/test/java/com/polaralias/signalsynthesis/data/repository/RoomDatabaseRepositoryTest.kt:70:36 Unresolved reference: NEUTRAL
e: file:///C:/Users/james.DESKTOP-Q8VOBFS/Documents/Development/signal-synthesis/app/src/test/java/com/polaralias/signalsynthesis/data/repository/RoomDatabaseRepositoryTest.kt:71:13 No value passed for parameter 'totalCandidates'
e: file:///C:/Users/james.DESKTOP-Q8VOBFS/Documents/Development/signal-synthesis/app/src/test/java/com/polaralias/signalsynthesis/data/repository/RoomDatabaseRepositoryTest.kt:71:13 No value passed for parameter 'tradeableCount'
e: file:///C:/Users/james.DESKTOP-Q8VOBFS/Documents/Development/signal-synthesis/app/src/test/java/com/polaralias/signalsynthesis/data/repository/RoomDatabaseRepositoryTest.kt:71:13 No value passed for parameter 'setupCount'
e: file:///C:/Users/james.DESKTOP-Q8VOBFS/Documents/Development/signal-synthesis/app/src/test/java/com/polaralias/signalsynthesis/data/repository/RoomDatabaseRepositoryTest.kt:71:13 No value passed for parameter 'generatedAt'

FAILURE: Build failed with an exception.

* What went wrong:
Execution failed for task ':app:compileDebugUnitTestKotlin'.
> A failure occurred while executing org.jetbrains.kotlin.compilerRunner.GradleCompilerRunnerWithWorkers$GradleKotlinCompilerWorkAction
   > Compilation error. See log for more details

* Try:
> Run with --stacktrace option to get the stack trace.
> Run with --info or --debug option to get more log output.
> Run with --scan to get full insights.
> Get more help at https://help.gradle.org.

BUILD FAILED in 2m 47s
24 actionable tasks: 24 executed
