<?xml version="1.0" encoding="UTF-8"?>
<testsuite name="com.polaralias.signalsynthesis.ui.AnalysisViewModelTest" tests="5" skipped="0" failures="0" errors="0" timestamp="2026-01-20T00:25:30" hostname="LAPTOP" time="0.276">
  <properties/>
  <testcase name="updateKeyUpdatesState" classname="com.polaralias.signalsynthesis.ui.AnalysisViewModelTest" time="0.231"/>
  <testcase name="updateCustomTickersUpdatesState" classname="com.polaralias.signalsynthesis.ui.AnalysisViewModelTest" time="0.007"/>
  <testcase name="initialStateIsCorrect" classname="com.polaralias.signalsynthesis.ui.AnalysisViewModelTest" time="0.013"/>
  <testcase name="runAnalysisFailsWithoutKeys" classname="com.polaralias.signalsynthesis.ui.AnalysisViewModelTest" time="0.011"/>
  <testcase name="runAnalysisSucceedsWithKeys" classname="com.polaralias.signalsynthesis.ui.AnalysisViewModelTest" time="0.013"/>
  <system-out><![CDATA[]]></system-out>
  <system-err><![CDATA[]]></system-err>
</testsuite>
