<?xml version="1.0" encoding="UTF-8"?>
<testsuite name="com.polaralias.signalsynthesis.domain.indicators.AtrIndicatorTest" tests="2" skipped="0" failures="0" errors="0" timestamp="2026-01-18T14:48:44" hostname="LAPTOP" time="0.009">
  <properties/>
  <testcase name="calculateFromIntradayReturnsConstantRange" classname="com.polaralias.signalsynthesis.domain.indicators.AtrIndicatorTest" time="0.007"/>
  <testcase name="calculateFromIntradayReturnsNullForInsufficientData" classname="com.polaralias.signalsynthesis.domain.indicators.AtrIndicatorTest" time="0.002"/>
  <system-out><![CDATA[]]></system-out>
  <system-err><![CDATA[]]></system-err>
</testsuite>
