<?xml version="1.0" encoding="UTF-8"?>
<testsuite name="com.polaralias.signalsynthesis.data.repository.MarketDataRepositoryTest" tests="2" skipped="0" failures="0" errors="0" timestamp="2026-01-18T14:48:41" hostname="LAPTOP" time="0.569">
  <properties/>
  <testcase name="getQuotesReturnsCachedResult" classname="com.polaralias.signalsynthesis.data.repository.MarketDataRepositoryTest" time="0.502"/>
  <testcase name="getQuotesFallsBackToNextProvider" classname="com.polaralias.signalsynthesis.data.repository.MarketDataRepositoryTest" time="0.066"/>
  <system-out><![CDATA[]]></system-out>
  <system-err><![CDATA[]]></system-err>
</testsuite>
