<?xml version="1.0" encoding="UTF-8"?>
<testsuite name="com.polaralias.signalsynthesis.domain.usecase.EnrichIntradayUseCaseTest" tests="2" skipped="0" failures="0" errors="0" timestamp="2026-01-20T00:25:29" hostname="LAPTOP" time="0.023">
  <properties/>
  <testcase name="executeHandlesMissingData" classname="com.polaralias.signalsynthesis.domain.usecase.EnrichIntradayUseCaseTest" time="0.011"/>
  <testcase name="executeCalculatesIndicators" classname="com.polaralias.signalsynthesis.domain.usecase.EnrichIntradayUseCaseTest" time="0.012"/>
  <system-out><![CDATA[]]></system-out>
  <system-err><![CDATA[]]></system-err>
</testsuite>
