<?xml version="1.0" encoding="UTF-8"?>
<testsuite name="com.polaralias.signalsynthesis.data.db.RoomDatabaseTest" tests="4" skipped="0" failures="0" errors="0" timestamp="2026-01-20T00:25:17" hostname="LAPTOP" time="9.206">
  <properties/>
  <testcase name="watchlistDao_delete" classname="com.polaralias.signalsynthesis.data.db.RoomDatabaseTest" time="8.685"/>
  <testcase name="watchlistDao_insertAndGet" classname="com.polaralias.signalsynthesis.data.db.RoomDatabaseTest" time="0.213"/>
  <testcase name="historyDao_insertAndGet" classname="com.polaralias.signalsynthesis.data.db.RoomDatabaseTest" time="0.149"/>
  <testcase name="historyDao_clear" classname="com.polaralias.signalsynthesis.data.db.RoomDatabaseTest" time="0.158"/>
  <system-out><![CDATA[WARNING: No manifest file found at .\AndroidManifest.xml.
Falling back to the Android OS resources only.
To remove this warning, annotate your test class with @Config(manifest=Config.NONE).
If you're using Android Gradle Plugin, add testOptions.unitTests.includeAndroidResources = true to your build.gradle
]]></system-out>
  <system-err><![CDATA[]]></system-err>
</testsuite>
