<?xml version="1.0" encoding="UTF-8"?>
<testsuite name="com.polaralias.signalsynthesis.ui.AnalysisViewModelTest" tests="4" skipped="0" failures="0" errors="0" timestamp="2026-01-18T14:48:44" hostname="LAPTOP" time="0.176">
  <properties/>
  <testcase name="updateKeyUpdatesState" classname="com.polaralias.signalsynthesis.ui.AnalysisViewModelTest" time="0.148"/>
  <testcase name="initialStateIsCorrect" classname="com.polaralias.signalsynthesis.ui.AnalysisViewModelTest" time="0.008"/>
  <testcase name="runAnalysisFailsWithoutKeys" classname="com.polaralias.signalsynthesis.ui.AnalysisViewModelTest" time="0.01"/>
  <testcase name="runAnalysisSucceedsWithKeys" classname="com.polaralias.signalsynthesis.ui.AnalysisViewModelTest" time="0.008"/>
  <system-out><![CDATA[]]></system-out>
  <system-err><![CDATA[]]></system-err>
</testsuite>
