<?xml version="1.0" encoding="UTF-8"?>
<testsuite name="com.polaralias.signalsynthesis.domain.indicators.AtrIndicatorTest" tests="2" skipped="0" failures="0" errors="0" timestamp="2026-01-18T10:49:27" hostname="LAPTOP" time="0.005">
  <properties/>
  <testcase name="calculateFromIntradayReturnsConstantRange" classname="com.polaralias.signalsynthesis.domain.indicators.AtrIndicatorTest" time="0.004"/>
  <testcase name="calculateFromIntradayReturnsNullForInsufficientData" classname="com.polaralias.signalsynthesis.domain.indicators.AtrIndicatorTest" time="0.001"/>
  <system-out><![CDATA[]]></system-out>
  <system-err><![CDATA[]]></system-err>
</testsuite>
