<?xml version="1.0" encoding="UTF-8"?>
<testsuite name="com.polaralias.signalsynthesis.data.db.RoomDatabaseTest" tests="4" skipped="0" failures="0" errors="0" timestamp="2026-01-18T10:49:27" hostname="LAPTOP" time="0.359">
  <properties/>
  <testcase name="watchlistDao_delete" classname="com.polaralias.signalsynthesis.data.db.RoomDatabaseTest" time="0.098"/>
  <testcase name="watchlistDao_insertAndGet" classname="com.polaralias.signalsynthesis.data.db.RoomDatabaseTest" time="0.092"/>
  <testcase name="historyDao_insertAndGet" classname="com.polaralias.signalsynthesis.data.db.RoomDatabaseTest" time="0.084"/>
  <testcase name="historyDao_clear" classname="com.polaralias.signalsynthesis.data.db.RoomDatabaseTest" time="0.084"/>
  <system-out><![CDATA[]]></system-out>
  <system-err><![CDATA[]]></system-err>
</testsuite>
