<?xml version="1.0" encoding="UTF-8"?>
<testsuite name="com.polaralias.signalsynthesis.domain.usecase.EnrichEodUseCaseTest" tests="2" skipped="0" failures="0" errors="0" timestamp="2026-01-18T14:48:44" hostname="LAPTOP" time="0.027">
  <properties/>
  <testcase name="executeHandlesMissingData" classname="com.polaralias.signalsynthesis.domain.usecase.EnrichEodUseCaseTest" time="0.016"/>
  <testcase name="executeCalculatesIndicators" classname="com.polaralias.signalsynthesis.domain.usecase.EnrichEodUseCaseTest" time="0.011"/>
  <system-out><![CDATA[]]></system-out>
  <system-err><![CDATA[]]></system-err>
</testsuite>
