<?xml version="1.0" encoding="UTF-8"?>
<testsuite name="com.polaralias.signalsynthesis.domain.usecase.EnrichEodUseCaseTest" tests="2" skipped="0" failures="0" errors="0" timestamp="2026-01-18T10:49:27" hostname="LAPTOP" time="0.013">
  <properties/>
  <testcase name="executeHandlesMissingData" classname="com.polaralias.signalsynthesis.domain.usecase.EnrichEodUseCaseTest" time="0.009"/>
  <testcase name="executeCalculatesIndicators" classname="com.polaralias.signalsynthesis.domain.usecase.EnrichEodUseCaseTest" time="0.004"/>
  <system-out><![CDATA[]]></system-out>
  <system-err><![CDATA[]]></system-err>
</testsuite>
