<?xml version="1.0" encoding="UTF-8"?>
<testsuite name="com.polaralias.signalsynthesis.domain.indicators.RsiIndicatorTest" tests="3" skipped="0" failures="0" errors="0" timestamp="2026-01-18T10:49:27" hostname="LAPTOP" time="0.002">
  <properties/>
  <testcase name="calculateReturns100ForAllGains" classname="com.polaralias.signalsynthesis.domain.indicators.RsiIndicatorTest" time="0.001"/>
  <testcase name="calculateReturnsNullForInsufficientData" classname="com.polaralias.signalsynthesis.domain.indicators.RsiIndicatorTest" time="0.0"/>
  <testcase name="calculateReturns50ForFlatSeries" classname="com.polaralias.signalsynthesis.domain.indicators.RsiIndicatorTest" time="0.0"/>
  <system-out><![CDATA[]]></system-out>
  <system-err><![CDATA[]]></system-err>
</testsuite>
